[LOG] System::create                           : Header version = 2.02.13. Current version = 2.02.13.
[LOG] Manager::init                            : maxchannels = 256 studioflags = 00000006 flags 00000000 extradriverdata 0000000000000000.
[LOG] SystemI::init                            : Initialize version=20213 (132591), maxchannels=256, flags=0x00020000
[LOG] SystemI::setOutputInternal               : Setting output to 'FMOD WASAPI Output'
[LOG] OutputWASAPI::init                       : Mix Format (WAVEFORMATEX): wFormatTag=0xFFFE, nChannels=2, nSamplesPerSec=48000, nAvgBytesPerSec=384000, nBlockAlign=8, wBitsPerSample=32, cbSize=22.
[LOG] OutputWASAPI::init                       : Mix Format (WAVEFORMATEXTENSIBLE): wValidBitsPerSample=32, dwChannelMask=0x00000003, SubFormat=00000003-0000-0010-8000-00AA00389B71.
[LOG] OutputWASAPI::init                       : Output buffer size: 4096 samples, latency: 0.00ms, period: 10.67ms, DSP buffer: 1024 * 4
[LOG] Thread::initThread                       : Init FMOD stream thread. Affinity: 0x4000000000000003, Priority: 0xFFFF7FFB, Stack Size: 98304, Semaphore: No, Sleep Time: 10, Looping: Yes.
[LOG] Thread::initThread                       : Init FMOD mixer thread. Affinity: 0x4000000000000001, Priority: 0xFFFF7FFA, Stack Size: 81920, Semaphore: No, Sleep Time: 0, Looping: Yes.
[LOG] AsyncManager::init                       : manager 000001851ADE8118 isAsync 0 updatePeriod 0.02
[LOG] AsyncManager::init                       : done
[LOG] PlaybackSystem::init                     : 
[LOG] Thread::initThread                       : Init FMOD Studio sample load thread. Affinity: 0x4000000000000003, Priority: 0xFFFF7FFD, Stack Size: 98304, Semaphore: No, Sleep Time: 1, Looping: No.
[LOG] PlaybackSystem::init                     : done
[LOG] Thread::initThread                       : Init FMOD Studio bank load thread. Affinity: 0x4000000000000003, Priority: 0xFFFF7FFD, Stack Size: 98304, Semaphore: No, Sleep Time: 1, Looping: No.
[LOG] Manager::init                            : done.
[LOG] Manager::readBank                        : fileversion = 142, compatVersion = 140 (oldest = 44, newest = 142)
[LOG] Manager::readBank                        : fileversion = 142, compatVersion = 140 (oldest = 44, newest = 142)
[LOG] PlaybackSystem::acquireMasterBus         : Setting master channel group format to 6
[LOG] Manager::readBank                        : fileversion = 142, compatVersion = 140 (oldest = 44, newest = 142)
[LOG] Manager::readBank                        : fileversion = 142, compatVersion = 140 (oldest = 44, newest = 142)
[LOG] PlaybackSystem::acquireMasterBus         : Setting master channel group format to 6
[LOG] SystemI::createSoundInternal             : Create name='', mode=0x02000202
[LOG] SystemI::createSoundInternal             : exinfo->cbsize             = 224
[LOG] SystemI::createSoundInternal             : exinfo->length             = 3824160
[LOG] SystemI::createSoundInternal             : exinfo->fileoffset         = 39520
[LOG] SystemI::createSoundInternal             : exinfo->numsubsounds       = 1
[LOG] SystemI::createSoundInternal             : exinfo->inclusionlist      = 000000640457EF68
[LOG] SystemI::createSoundInternal             : exinfo->inclusionlistnum   = 1
[LOG] SystemI::createSoundInternal             : exinfo->suggestedsoundtype = 5
[LOG] SystemI::createSoundInternal             : exinfo->useropen           = 00007FF8C69139D0
[LOG] SystemI::createSoundInternal             : exinfo->userclose          = 00007FF8C6913990
[LOG] SystemI::createSoundInternal             : exinfo->userread           = 00007FF8C6913AB0
[LOG] SystemI::createSoundInternal             : exinfo->userseek           = 00007FF8C6913B70
[LOG] SystemI::createSoundInternal             : exinfo->fileuserdata       = 000001856C0824A8
[LOG] SystemI::createSoundInternal             : exinfo->initialseekpostype = 1
[LOG] SystemI::DSPCodecPoolRegister            : register codec pool for pool type 5
[LOG] SystemI::createSoundInternal             : Sample 0/1: name='Coffee Shop Win', format=5, channels=2, frequency=48000, lengthbytes=46208, lengthpcm=288000, pcmblocksize=0, loopstart=0, loopend=0, mode=0x00000000, channelmask=0x00000000, channelorder=0, peakvolume=0.030029.
[LOG] SystemI::createSoundInternal             : Create name='', mode=0x02000202
[LOG] SystemI::createSoundInternal             : exinfo->cbsize             = 224
[LOG] SystemI::createSoundInternal             : exinfo->length             = 3824160
[LOG] SystemI::createSoundInternal             : exinfo->fileoffset         = 39520
[LOG] SystemI::createSoundInternal             : exinfo->numsubsounds       = 1
[LOG] SystemI::createSoundInternal             : exinfo->inclusionlist      = 000000640457EF68
[LOG] SystemI::createSoundInternal             : exinfo->inclusionlistnum   = 1
[LOG] SystemI::createSoundInternal             : exinfo->suggestedsoundtype = 5
[LOG] SystemI::createSoundInternal             : exinfo->useropen           = 00007FF8C69139D0
[LOG] SystemI::createSoundInternal             : exinfo->userclose          = 00007FF8C6913990
[LOG] SystemI::createSoundInternal             : exinfo->userread           = 00007FF8C6913AB0
[LOG] SystemI::createSoundInternal             : exinfo->userseek           = 00007FF8C6913B70
[LOG] SystemI::createSoundInternal             : exinfo->fileuserdata       = 000001856C0824A8
[LOG] SystemI::createSoundInternal             : exinfo->initialseekpostype = 1
[LOG] SystemI::DSPCodecPoolRegister            : register codec pool for pool type 5
[LOG] SystemI::createSoundInternal             : Sample 0/1: name='Acoustic Guitar Task Wins.9', format=5, channels=2, frequency=48000, lengthbytes=21888, lengthpcm=288000, pcmblocksize=0, loopstart=0, loopend=0, mode=0x00000000, channelmask=0x00000000, channelorder=0, peakvolume=0.194275.
[LOG] SystemI::createSoundInternal             : Create name='', mode=0x02000202
[LOG] SystemI::createSoundInternal             : exinfo->cbsize             = 224
[LOG] SystemI::createSoundInternal             : exinfo->length             = 3824160
[LOG] SystemI::createSoundInternal             : exinfo->fileoffset         = 39520
[LOG] SystemI::createSoundInternal             : exinfo->numsubsounds       = 1
[LOG] SystemI::createSoundInternal             : exinfo->inclusionlist      = 000000640457EF68
[LOG] SystemI::createSoundInternal             : exinfo->inclusionlistnum   = 1
[LOG] SystemI::createSoundInternal             : exinfo->suggestedsoundtype = 5
[LOG] SystemI::createSoundInternal             : exinfo->useropen           = 00007FF8C69139D0
[LOG] SystemI::createSoundInternal             : exinfo->userclose          = 00007FF8C6913990
[LOG] SystemI::createSoundInternal             : exinfo->userread           = 00007FF8C6913AB0
[LOG] SystemI::createSoundInternal             : exinfo->userseek           = 00007FF8C6913B70
[LOG] SystemI::createSoundInternal             : exinfo->fileuserdata       = 000001856C0824A8
[LOG] SystemI::createSoundInternal             : exinfo->initialseekpostype = 1
[LOG] SystemI::DSPCodecPoolRegister            : register codec pool for pool type 5
[LOG] SystemI::createSoundInternal             : Sample 0/1: name='Acoustic Guitar Task Wins.7', format=5, channels=2, frequency=48000, lengthbytes=26560, lengthpcm=288000, pcmblocksize=0, loopstart=0, loopend=0, mode=0x00000000, channelmask=0x00000000, channelorder=0, peakvolume=0.200165.
[LOG] SystemI::createSoundInternal             : Create name='', mode=0x02000202
[LOG] SystemI::createSoundInternal             : exinfo->cbsize             = 224
[LOG] SystemI::createSoundInternal             : exinfo->length             = 3824160
[LOG] SystemI::createSoundInternal             : exinfo->fileoffset         = 39520
[LOG] SystemI::createSoundInternal             : exinfo->numsubsounds       = 1
[LOG] SystemI::createSoundInternal             : exinfo->inclusionlist      = 000000640457EF68
[LOG] SystemI::createSoundInternal             : exinfo->inclusionlistnum   = 1
[LOG] SystemI::createSoundInternal             : exinfo->suggestedsoundtype = 5
[LOG] SystemI::createSoundInternal             : exinfo->useropen           = 00007FF8C69139D0
[LOG] SystemI::createSoundInternal             : exinfo->userclose          = 00007FF8C6913990
[LOG] SystemI::createSoundInternal             : exinfo->userread           = 00007FF8C6913AB0
[LOG] SystemI::createSoundInternal             : exinfo->userseek           = 00007FF8C6913B70
[LOG] SystemI::createSoundInternal             : exinfo->fileuserdata       = 000001856C0824A8
[LOG] SystemI::createSoundInternal             : exinfo->initialseekpostype = 1
[LOG] SystemI::DSPCodecPoolRegister            : register codec pool for pool type 5
[LOG] SystemI::createSoundInternal             : Sample 0/1: name='Coffee Shop Win_1', format=5, channels=2, frequency=48000, lengthbytes=72704, lengthpcm=288000, pcmblocksize=0, loopstart=0, loopend=0, mode=0x00000000, channelmask=0x00000000, channelorder=0, peakvolume=0.123230.
[LOG] SystemI::createSoundInternal             : Create name='', mode=0x02000202
[LOG] SystemI::createSoundInternal             : exinfo->cbsize             = 224
[LOG] SystemI::createSoundInternal             : exinfo->length             = 3824160
[LOG] SystemI::createSoundInternal             : exinfo->fileoffset         = 39520
[LOG] SystemI::createSoundInternal             : exinfo->numsubsounds       = 1
[LOG] SystemI::createSoundInternal             : exinfo->inclusionlist      = 000000640457EF68
[LOG] SystemI::createSoundInternal             : exinfo->inclusionlistnum   = 1
[LOG] SystemI::createSoundInternal             : exinfo->suggestedsoundtype = 5
[LOG] SystemI::createSoundInternal             : exinfo->useropen           = 00007FF8C69139D0
[LOG] SystemI::createSoundInternal             : exinfo->userclose          = 00007FF8C6913990
[LOG] SystemI::createSoundInternal             : exinfo->userread           = 00007FF8C6913AB0
[LOG] SystemI::createSoundInternal             : exinfo->userseek           = 00007FF8C6913B70
[LOG] SystemI::createSoundInternal             : exinfo->fileuserdata       = 000001856C0824A8
[LOG] SystemI::createSoundInternal             : exinfo->initialseekpostype = 1
[LOG] SystemI::DSPCodecPoolRegister            : register codec pool for pool type 5
[LOG] SystemI::createSoundInternal             : Sample 0/1: name='Acoustic Guitar Task Wins.5', format=5, channels=2, frequency=48000, lengthbytes=25088, lengthpcm=288000, pcmblocksize=0, loopstart=0, loopend=0, mode=0x00000000, channelmask=0x00000000, channelorder=0, peakvolume=0.189453.
[LOG] SystemI::createSoundInternal             : Create name='', mode=0x02000202
[LOG] SystemI::createSoundInternal             : exinfo->cbsize             = 224
[LOG] SystemI::createSoundInternal             : exinfo->length             = 3824160
[LOG] SystemI::createSoundInternal             : exinfo->fileoffset         = 39520
[LOG] SystemI::createSoundInternal             : exinfo->numsubsounds       = 1
[LOG] SystemI::createSoundInternal             : exinfo->inclusionlist      = 000000640457EF68
[LOG] SystemI::createSoundInternal             : exinfo->inclusionlistnum   = 1
[LOG] SystemI::createSoundInternal             : exinfo->suggestedsoundtype = 5
[LOG] SystemI::createSoundInternal             : exinfo->useropen           = 00007FF8C69139D0
[LOG] SystemI::createSoundInternal             : exinfo->userclose          = 00007FF8C6913990
[LOG] SystemI::createSoundInternal             : exinfo->userread           = 00007FF8C6913AB0
[LOG] SystemI::createSoundInternal             : exinfo->userseek           = 00007FF8C6913B70
[LOG] SystemI::createSoundInternal             : exinfo->fileuserdata       = 000001856C0824A8
[LOG] SystemI::createSoundInternal             : exinfo->initialseekpostype = 1
[LOG] SystemI::DSPCodecPoolRegister            : register codec pool for pool type 5
[LOG] SystemI::createSoundInternal             : Sample 0/1: name='Acoustic Guitar Task Wins.4', format=5, channels=2, frequency=48000, lengthbytes=32000, lengthpcm=285044, pcmblocksize=0, loopstart=0, loopend=0, mode=0x00000000, channelmask=0x00000000, channelorder=0, peakvolume=0.186951.
[LOG] SystemI::createSoundInternal             : Create name='', mode=0x02000202
[LOG] SystemI::createSoundInternal             : exinfo->cbsize             = 224
[LOG] SystemI::createSoundInternal             : exinfo->length             = 3824160
[LOG] SystemI::createSoundInternal             : exinfo->fileoffset         = 39520
[LOG] SystemI::createSoundInternal             : exinfo->numsubsounds       = 1
[LOG] SystemI::createSoundInternal             : exinfo->inclusionlist      = 000000640457EF68
[LOG] SystemI::createSoundInternal             : exinfo->inclusionlistnum   = 1
[LOG] SystemI::createSoundInternal             : exinfo->suggestedsoundtype = 5
[LOG] SystemI::createSoundInternal             : exinfo->useropen           = 00007FF8C69139D0
[LOG] SystemI::createSoundInternal             : exinfo->userclose          = 00007FF8C6913990
[LOG] SystemI::createSoundInternal             : exinfo->userread           = 00007FF8C6913AB0
[LOG] SystemI::createSoundInternal             : exinfo->userseek           = 00007FF8C6913B70
[LOG] SystemI::createSoundInternal             : exinfo->fileuserdata       = 000001856C0824A8
[LOG] SystemI::createSoundInternal             : exinfo->initialseekpostype = 1
[LOG] SystemI::DSPCodecPoolRegister            : register codec pool for pool type 5
[LOG] SystemI::createSoundInternal             : Sample 0/1: name='Acoustic Guitar Task Wins.15', format=5, channels=2, frequency=48000, lengthbytes=27360, lengthpcm=288000, pcmblocksize=0, loopstart=0, loopend=0, mode=0x00000000, channelmask=0x00000000, channelorder=0, peakvolume=0.195526.
[LOG] SystemI::createSoundInternal             : Create name='', mode=0x02000202
[LOG] SystemI::createSoundInternal             : exinfo->cbsize             = 224
[LOG] SystemI::createSoundInternal             : exinfo->length             = 3824160
[LOG] SystemI::createSoundInternal             : exinfo->fileoffset         = 39520
[LOG] SystemI::createSoundInternal             : exinfo->numsubsounds       = 1
[LOG] SystemI::createSoundInternal             : exinfo->inclusionlist      = 000000640457EF68
[LOG] SystemI::createSoundInternal             : exinfo->inclusionlistnum   = 1
[LOG] SystemI::createSoundInternal             : exinfo->suggestedsoundtype = 5
[LOG] SystemI::createSoundInternal             : exinfo->useropen           = 00007FF8C69139D0
[LOG] SystemI::createSoundInternal             : exinfo->userclose          = 00007FF8C6913990
[LOG] SystemI::createSoundInternal             : exinfo->userread           = 00007FF8C6913AB0
[LOG] SystemI::createSoundInternal             : exinfo->userseek           = 00007FF8C6913B70
[LOG] SystemI::createSoundInternal             : exinfo->fileuserdata       = 000001856C0824A8
[LOG] SystemI::createSoundInternal             : exinfo->initialseekpostype = 1
[LOG] SystemI::DSPCodecPoolRegister            : register codec pool for pool type 5
[LOG] SystemI::createSoundInternal             : Sample 0/1: name='Acoustic Guitar Task Wins.13', format=5, channels=2, frequency=48000, lengthbytes=24064, lengthpcm=288000, pcmblocksize=0, loopstart=0, loopend=0, mode=0x00000000, channelmask=0x00000000, channelorder=0, peakvolume=0.209290.
[LOG] SoundI::release                          :  (0000018525FEFBD8)
[LOG] SoundI::release                          :     Coffee Shop Win (00000181A3423FB8)
[LOG] SoundI::release                          :  (0000018473DCA628)
[LOG] SoundI::release                          :     Acoustic Guitar Task Wins.4 (0000018525B93D88)
[LOG] SoundI::release                          :  (0000018525FEF618)
[LOG] SoundI::release                          :     Acoustic Guitar Task Wins.5 (0000018525B938A8)
[LOG] SoundI::release                          :  (0000018525FEF788)
[LOG] SoundI::release                          :     Acoustic Guitar Task Wins.7 (0000018525B93568)
[LOG] SoundI::release                          :  (0000018525FEFA68)
[LOG] SoundI::release                          :     Acoustic Guitar Task Wins.9 (0000018525B93088)
[LOG] SoundI::release                          :  (0000018473DCA068)
[LOG] SoundI::release                          :     Acoustic Guitar Task Wins.13 (00000183FDA80458)
[LOG] SoundI::release                          :  (0000018473DCA1D8)
[LOG] SoundI::release                          :     Acoustic Guitar Task Wins.15 (00000183FDA80798)
[LOG] SoundI::release                          :  (0000018525FEF8F8)
[LOG] SoundI::release                          :     Coffee Shop Win_1 (0000018525B93228)
[LOG] Manager::readBank                        : fileversion = 142, compatVersion = 140 (oldest = 44, newest = 142)
[LOG] Manager::readBank                        : fileversion = 142, compatVersion = 140 (oldest = 44, newest = 142)
[LOG] PlaybackSystem::acquireMasterBus         : Setting master channel group format to 6
[LOG] Manager::readBank                        : fileversion = 142, compatVersion = 140 (oldest = 44, newest = 142)
[LOG] Manager::readBank                        : fileversion = 142, compatVersion = 140 (oldest = 44, newest = 142)
[LOG] PlaybackSystem::acquireMasterBus         : Setting master channel group format to 6
[LOG] Manager::readBank                        : fileversion = 142, compatVersion = 140 (oldest = 44, newest = 142)
[LOG] Manager::readBank                        : fileversion = 142, compatVersion = 140 (oldest = 44, newest = 142)
[LOG] PlaybackSystem::acquireMasterBus         : Setting master channel group format to 6
[LOG] Manager::readBank                        : fileversion = 142, compatVersion = 140 (oldest = 44, newest = 142)
[LOG] Manager::readBank                        : fileversion = 142, compatVersion = 140 (oldest = 44, newest = 142)
[LOG] PlaybackSystem::acquireMasterBus         : Setting master channel group format to 6
[LOG] Thread::callback                         : FMOD Studio bank load thread finished.
[LOG] Thread::callback                         : FMOD Studio sample load thread finished.
[LOG] LiveUpdate::release                      : 
[LOG] LiveUpdate::reset                        : Reset connection (reason Disconnected)
[LOG] Thread::callback                         : FMOD stream thread finished.
[LOG] Thread::callback                         : FMOD mixer thread finished.
[LOG] SystemI::close                           : Closed.
